<?xml version="1.0" encoding="UTF-8"?>
<!-- Generated by org.testng.reporters.JUnitXMLReporter -->
<testsuite ignored="1" hostname="ImPacific" failures="0" tests="1" name="Test" time="0.027" errors="0" timestamp="30 Aug 2025 12:04:34 GMT">
  <testcase classname="Core.TestBase" name="@BeforeSuite setupExtentReport" time="0.0">
    <failure type="org.testng.TestNGException" message="
Can inject only one of &amp;lt;ITestContext, XmlTest&amp;gt; into a @BeforeSuite annotated setupExtentReport.
For more information on native dependency injection please refer to http://testng.org/doc/documentation-main.html#native-dependency-injection">
      <![CDATA[org.testng.TestNGException: 
Can inject only one of <ITestContext, XmlTest> into a @BeforeSuite annotated setupExtentReport.
For more information on native dependency injection please refer to http://testng.org/doc/documentation-main.html#native-dependency-injection
... Removed 17 stack frames]]>
    </failure>
  </testcase> <!-- @BeforeSuite setupExtentReport -->
  <testcase classname="Core.TestBase" name="@BeforeMethod setupExtentTest" time="0.005">
    <failure type="java.lang.NullPointerException" message="Cannot invoke &amp;quot;com.aventstack.extentreports.ExtentReports.createTest(String)&amp;quot; because &amp;quot;Core.TestBase.extent&amp;quot; is null">
      <![CDATA[java.lang.NullPointerException: Cannot invoke "com.aventstack.extentreports.ExtentReports.createTest(String)" because "Core.TestBase.extent" is null
at Core.TestBase.setupExtentTest(TestBase.java:60)
... Removed 28 stack frames]]>
    </failure>
  </testcase> <!-- @BeforeMethod setupExtentTest -->
  <testcase classname="Core.TestBase" name="@AfterMethod tearDownExtentTest" time="0.001">
    <failure type="java.lang.NullPointerException" message="Cannot invoke &amp;quot;Utils.SoftAssertUtil.assertAll()&amp;quot; because &amp;quot;Core.TestBase.sAssert&amp;quot; is null">
      <![CDATA[java.lang.NullPointerException: Cannot invoke "Utils.SoftAssertUtil.assertAll()" because "Core.TestBase.sAssert" is null
at Core.TestBase.tearDownExtentTest(TestBase.java:71)
... Removed 28 stack frames]]>
    </failure>
  </testcase> <!-- @AfterMethod tearDownExtentTest -->
  <testcase classname="com.Api.RestAssured.Practice.Demo.CreateUserWithList" name="validateStatusCode" time="0.0">
    <skipped/>
  </testcase> <!-- validateStatusCode -->
  <testcase classname="com.Api.RestAssured.Practice.Demo.CreateUserWithList" name="validateCreatedData" time="0.0">
    <ignored/>
  </testcase> <!-- validateCreatedData -->
</testsuite> <!-- Test -->
